{"contracts/Collection.sol":{"l":{"62":0,"63":0,"64":0,"69":0,"70":0,"71":0,"72":0,"79":0,"80":0,"83":0,"84":0,"93":0,"95":0,"96":0,"97":0,"99":0,"110":0,"112":0,"113":0,"114":0,"121":1,"129":0,"131":0,"133":0,"135":0,"136":0,"137":0,"140":0},"path":"/Users/User/Documents/nft/contracts/Collection.sol","s":{"1":0,"2":0,"3":0,"4":0,"5":0,"6":0,"7":0,"8":0,"9":0,"10":0,"11":0,"12":0,"13":0,"14":0,"15":0,"16":0,"17":0,"18":0,"19":0,"20":0,"21":1,"22":0,"23":0,"24":0,"25":0,"26":0,"27":0},"b":{"1":[0,0],"2":[0,0],"3":[0,0]},"f":{"1":0,"2":0,"3":0,"4":0,"5":1,"6":0},"fnMap":{"1":{"name":"createCollection","line":55,"loc":{"start":{"line":55,"column":2},"end":{"line":73,"column":2}}},"2":{"name":"editMetaData","line":76,"loc":{"start":{"line":76,"column":2},"end":{"line":85,"column":2}}},"3":{"name":"getUserCollections","line":88,"loc":{"start":{"line":88,"column":2},"end":{"line":100,"column":2}}},"4":{"name":"getOneCollectionInfo","line":105,"loc":{"start":{"line":105,"column":2},"end":{"line":117,"column":2}}},"5":{"name":"totalCollections","line":120,"loc":{"start":{"line":120,"column":2},"end":{"line":122,"column":2}}},"6":{"name":"getCollectionsPaginated","line":124,"loc":{"start":{"line":124,"column":2},"end":{"line":141,"column":2}}}},"statementMap":{"1":{"start":{"line":62,"column":4},"end":{"line":62,"column":28}},"2":{"start":{"line":63,"column":4},"end":{"line":63,"column":57}},"3":{"start":{"line":64,"column":4},"end":{"line":64,"column":1771}},"4":{"start":{"line":69,"column":4},"end":{"line":69,"column":66}},"5":{"start":{"line":70,"column":4},"end":{"line":70,"column":52}},"6":{"start":{"line":71,"column":4},"end":{"line":71,"column":66}},"7":{"start":{"line":72,"column":4},"end":{"line":72,"column":75}},"8":{"start":{"line":79,"column":4},"end":{"line":79,"column":75}},"9":{"start":{"line":80,"column":4},"end":{"line":80,"column":2379}},"10":{"start":{"line":83,"column":4},"end":{"line":83,"column":72}},"11":{"start":{"line":84,"column":4},"end":{"line":84,"column":30}},"12":{"start":{"line":93,"column":4},"end":{"line":93,"column":61}},"13":{"start":{"line":95,"column":4},"end":{"line":95,"column":63}},"14":{"start":{"line":96,"column":4},"end":{"line":96,"column":2852}},"15":{"start":{"line":97,"column":6},"end":{"line":97,"column":70}},"16":{"start":{"line":99,"column":4},"end":{"line":99,"column":15}},"17":{"start":{"line":110,"column":4},"end":{"line":110,"column":44}},"18":{"start":{"line":112,"column":4},"end":{"line":112,"column":3218}},"19":{"start":{"line":113,"column":6},"end":{"line":113,"column":3277}},"20":{"start":{"line":114,"column":8},"end":{"line":114,"column":43}},"21":{"start":{"line":121,"column":4},"end":{"line":121,"column":34}},"22":{"start":{"line":129,"column":4},"end":{"line":129,"column":44}},"23":{"start":{"line":131,"column":4},"end":{"line":131,"column":63}},"24":{"start":{"line":133,"column":4},"end":{"line":133,"column":17}},"25":{"start":{"line":135,"column":4},"end":{"line":135,"column":3834}},"26":{"start":{"line":136,"column":6},"end":{"line":136,"column":35}},"27":{"start":{"line":140,"column":4},"end":{"line":140,"column":24}}},"branchMap":{"1":{"line":79,"type":"if","locations":[{"start":{"line":79,"column":4},"end":{"line":79,"column":4}},{"start":{"line":79,"column":4},"end":{"line":79,"column":4}}]},"2":{"line":83,"type":"if","locations":[{"start":{"line":83,"column":4},"end":{"line":83,"column":4}},{"start":{"line":83,"column":4},"end":{"line":83,"column":4}}]},"3":{"line":113,"type":"if","locations":[{"start":{"line":113,"column":6},"end":{"line":113,"column":6}},{"start":{"line":113,"column":6},"end":{"line":113,"column":6}}]}}},"contracts/Market.sol":{"l":{"107":0,"111":0,"115":0,"118":0,"119":0,"122":0,"123":0,"126":0,"140":0,"141":0,"142":0,"158":0,"160":0,"178":0,"180":0,"182":0,"187":0,"192":0,"193":0,"195":0,"196":0,"198":0,"211":0,"212":0,"213":0,"227":0,"229":0,"235":0,"237":0,"248":0,"249":0,"251":0,"253":0,"255":0,"257":0,"262":0,"267":0,"269":0,"270":0,"272":0,"281":0,"282":0,"284":0,"286":0,"288":0,"293":0,"298":0,"299":0,"301":0,"302":0,"305":0,"311":0,"312":0,"313":0,"316":0,"318":0,"332":0,"335":0,"337":0,"342":0,"344":0,"345":0,"347":0,"348":0,"351":0,"360":0,"361":0,"362":0,"364":0,"378":0,"379":0,"380":0,"382":0,"383":0,"384":0,"388":0,"389":0,"391":0,"392":0,"394":0,"395":0,"396":0,"397":0,"398":0,"399":0,"402":0,"411":0,"412":0,"413":0,"415":0,"416":0,"418":0,"419":0,"420":0,"421":0,"422":0,"423":0,"424":0,"425":0,"428":0,"433":0,"434":0,"435":0,"437":0,"438":0,"439":0,"443":0,"444":0,"445":0,"446":0,"447":0,"448":0,"449":0,"452":0,"457":0,"458":0,"459":0,"461":0,"462":0,"463":0,"467":0,"468":0,"469":0,"470":0,"471":0,"472":0,"473":0,"476":0,"484":0,"485":0,"486":0,"488":0,"489":0,"491":0,"492":0,"496":0,"497":0,"498":0,"500":0,"501":0,"502":0,"505":0,"510":0,"511":0,"515":0,"516":0,"517":0,"518":0,"520":0,"527":0,"528":0,"529":0,"530":0,"537":0,"539":0,"540":0,"541":0,"545":0,"556":0,"558":0,"559":0,"560":0,"566":1},"path":"/Users/User/Documents/nft/contracts/Market.sol","s":{"1":0,"2":0,"3":0,"4":0,"5":0,"6":0,"7":0,"8":0,"9":0,"10":0,"11":0,"12":0,"13":0,"14":0,"15":0,"16":0,"17":0,"18":0,"19":0,"20":0,"21":0,"22":0,"23":0,"24":0,"25":0,"26":0,"27":0,"28":0,"29":0,"30":0,"31":0,"32":0,"33":0,"34":0,"35":0,"36":0,"37":0,"38":0,"39":0,"40":0,"41":0,"42":0,"43":0,"44":0,"45":0,"46":0,"47":0,"48":0,"49":0,"50":0,"51":0,"52":0,"53":0,"54":0,"55":0,"56":0,"57":0,"58":0,"59":0,"60":0,"61":0,"62":0,"63":0,"64":0,"65":0,"66":0,"67":0,"68":0,"69":0,"70":0,"71":0,"72":0,"73":0,"74":0,"75":0,"76":0,"77":0,"78":0,"79":0,"80":0,"81":0,"82":0,"83":0,"84":0,"85":0,"86":0,"87":0,"88":0,"89":0,"90":0,"91":0,"92":0,"93":0,"94":0,"95":0,"96":0,"97":0,"98":0,"99":0,"100":0,"101":0,"102":0,"103":0,"104":0,"105":0,"106":0,"107":0,"108":0,"109":0,"110":0,"111":0,"112":0,"113":0,"114":0,"115":0,"116":0,"117":0,"118":0,"119":0,"120":0,"121":0,"122":0,"123":0,"124":0,"125":0,"126":0,"127":0,"128":0,"129":0,"130":0,"131":0,"132":0,"133":0,"134":0,"135":0,"136":0,"137":0,"138":0,"139":0,"140":0,"141":0,"142":0,"143":0,"144":0,"145":0,"146":0,"147":0,"148":0,"149":0,"150":0,"151":0,"152":0,"153":0,"154":0,"155":0,"156":0,"157":0,"158":0,"159":0,"160":0,"161":1},"b":{"1":[0,0],"2":[0,0],"3":[0,0],"4":[0,0],"5":[0,0],"6":[0,0],"7":[0,0],"8":[0,0],"9":[0,0],"10":[0,0],"11":[0,0],"12":[0,0],"13":[0,0],"14":[0,0],"15":[0,0],"16":[0,0],"17":[0,0],"18":[0,0],"19":[0,0],"20":[0,0],"21":[0,0],"22":[0,0],"23":[0,0],"24":[0,0],"25":[0,0],"26":[0,0],"27":[0,0],"28":[0,0],"29":[0,0],"30":[0,0],"31":[0,0],"32":[0,0],"33":[0,0],"34":[0,0],"35":[0,0],"36":[0,0],"37":[0,0]},"f":{"1":0,"2":0,"3":0,"4":0,"5":0,"6":0,"7":0,"8":0,"9":0,"10":0,"11":0,"12":0,"13":0,"14":1},"fnMap":{"1":{"name":"createMarketItem","line":106,"loc":{"start":{"line":102,"column":2},"end":{"line":168,"column":2}}},"2":{"name":"createMarketAuction","line":177,"loc":{"start":{"line":172,"column":2},"end":{"line":245,"column":2}}},"3":{"name":"createAuctionBid","line":247,"loc":{"start":{"line":247,"column":2},"end":{"line":273,"column":2}}},"4":{"name":"createAuctionSale","line":279,"loc":{"start":{"line":276,"column":2},"end":{"line":324,"column":2}}},"5":{"name":"createMarketSale","line":330,"loc":{"start":{"line":327,"column":2},"end":{"line":370,"column":2}}},"6":{"name":"fetchUserBids","line":373,"loc":{"start":{"line":373,"column":2},"end":{"line":403,"column":2}}},"7":{"name":"fetchMarketItems","line":406,"loc":{"start":{"line":406,"column":2},"end":{"line":429,"column":2}}},"8":{"name":"fetchMyNFTs","line":432,"loc":{"start":{"line":432,"column":2},"end":{"line":453,"column":2}}},"9":{"name":"fetchItemsCreated","line":456,"loc":{"start":{"line":456,"column":2},"end":{"line":477,"column":2}}},"10":{"name":"fetchCollectionItems","line":479,"loc":{"start":{"line":479,"column":2},"end":{"line":506,"column":2}}},"11":{"name":"unlistItem","line":509,"loc":{"start":{"line":509,"column":2},"end":{"line":531,"column":2}}},"12":{"name":"checkItemListed","line":536,"loc":{"start":{"line":536,"column":2},"end":{"line":546,"column":2}}},"13":{"name":"fetchOneMarketItem","line":551,"loc":{"start":{"line":551,"column":2},"end":{"line":563,"column":2}}},"14":{"name":"getNumberItems","line":565,"loc":{"start":{"line":565,"column":2},"end":{"line":567,"column":2}}}},"statementMap":{"1":{"start":{"line":107,"column":4},"end":{"line":107,"column":3224}},"2":{"start":{"line":111,"column":4},"end":{"line":111,"column":3349}},"3":{"start":{"line":115,"column":4},"end":{"line":115,"column":45}},"4":{"start":{"line":118,"column":4},"end":{"line":118,"column":23}},"5":{"start":{"line":119,"column":4},"end":{"line":119,"column":39}},"6":{"start":{"line":122,"column":4},"end":{"line":122,"column":3636}},"7":{"start":{"line":123,"column":6},"end":{"line":123,"column":3744}},"8":{"start":{"line":126,"column":6},"end":{"line":126,"column":3844}},"9":{"start":{"line":140,"column":6},"end":{"line":140,"column":34}},"10":{"start":{"line":141,"column":6},"end":{"line":141,"column":31}},"11":{"start":{"line":142,"column":6},"end":{"line":142,"column":4224}},"12":{"start":{"line":158,"column":4},"end":{"line":158,"column":31}},"13":{"start":{"line":160,"column":4},"end":{"line":160,"column":4598}},"14":{"start":{"line":178,"column":4},"end":{"line":178,"column":50}},"15":{"start":{"line":180,"column":4},"end":{"line":180,"column":64}},"16":{"start":{"line":182,"column":4},"end":{"line":182,"column":5179}},"17":{"start":{"line":187,"column":4},"end":{"line":187,"column":5311}},"18":{"start":{"line":192,"column":4},"end":{"line":192,"column":23}},"19":{"start":{"line":193,"column":4},"end":{"line":193,"column":39}},"20":{"start":{"line":195,"column":4},"end":{"line":195,"column":5504}},"21":{"start":{"line":196,"column":6},"end":{"line":196,"column":5617}},"22":{"start":{"line":198,"column":6},"end":{"line":198,"column":5696}},"23":{"start":{"line":211,"column":6},"end":{"line":211,"column":34}},"24":{"start":{"line":212,"column":6},"end":{"line":212,"column":31}},"25":{"start":{"line":213,"column":6},"end":{"line":213,"column":6039}},"26":{"start":{"line":227,"column":4},"end":{"line":227,"column":72}},"27":{"start":{"line":229,"column":4},"end":{"line":229,"column":6379}},"28":{"start":{"line":235,"column":4},"end":{"line":235,"column":31}},"29":{"start":{"line":237,"column":4},"end":{"line":237,"column":6537}},"30":{"start":{"line":248,"column":4},"end":{"line":248,"column":59}},"31":{"start":{"line":249,"column":4},"end":{"line":249,"column":57}},"32":{"start":{"line":251,"column":4},"end":{"line":251,"column":59}},"33":{"start":{"line":253,"column":4},"end":{"line":253,"column":53}},"34":{"start":{"line":255,"column":4},"end":{"line":255,"column":74}},"35":{"start":{"line":257,"column":4},"end":{"line":257,"column":7079}},"36":{"start":{"line":262,"column":4},"end":{"line":262,"column":7182}},"37":{"start":{"line":267,"column":4},"end":{"line":267,"column":70}},"38":{"start":{"line":269,"column":4},"end":{"line":269,"column":41}},"39":{"start":{"line":270,"column":4},"end":{"line":270,"column":37}},"40":{"start":{"line":272,"column":4},"end":{"line":272,"column":53}},"41":{"start":{"line":281,"column":4},"end":{"line":281,"column":59}},"42":{"start":{"line":282,"column":4},"end":{"line":282,"column":57}},"43":{"start":{"line":284,"column":4},"end":{"line":284,"column":59}},"44":{"start":{"line":286,"column":4},"end":{"line":286,"column":60}},"45":{"start":{"line":288,"column":4},"end":{"line":288,"column":7913}},"46":{"start":{"line":293,"column":4},"end":{"line":293,"column":8016}},"47":{"start":{"line":298,"column":4},"end":{"line":298,"column":8129}},"48":{"start":{"line":299,"column":6},"end":{"line":299,"column":57}},"49":{"start":{"line":301,"column":6},"end":{"line":301,"column":62}},"50":{"start":{"line":302,"column":6},"end":{"line":302,"column":65}},"51":{"start":{"line":305,"column":4},"end":{"line":305,"column":8395}},"52":{"start":{"line":311,"column":4},"end":{"line":311,"column":42}},"53":{"start":{"line":312,"column":4},"end":{"line":312,"column":26}},"54":{"start":{"line":313,"column":4},"end":{"line":313,"column":25}},"55":{"start":{"line":316,"column":4},"end":{"line":316,"column":29}},"56":{"start":{"line":318,"column":4},"end":{"line":318,"column":8701}},"57":{"start":{"line":332,"column":4},"end":{"line":332,"column":59}},"58":{"start":{"line":335,"column":4},"end":{"line":335,"column":61}},"59":{"start":{"line":337,"column":4},"end":{"line":337,"column":9214}},"60":{"start":{"line":342,"column":4},"end":{"line":342,"column":50}},"61":{"start":{"line":344,"column":4},"end":{"line":344,"column":9376}},"62":{"start":{"line":345,"column":6},"end":{"line":345,"column":52}},"63":{"start":{"line":347,"column":6},"end":{"line":347,"column":62}},"64":{"start":{"line":348,"column":6},"end":{"line":348,"column":65}},"65":{"start":{"line":351,"column":4},"end":{"line":351,"column":9637}},"66":{"start":{"line":360,"column":4},"end":{"line":360,"column":42}},"67":{"start":{"line":361,"column":4},"end":{"line":361,"column":26}},"68":{"start":{"line":362,"column":4},"end":{"line":362,"column":25}},"69":{"start":{"line":364,"column":4},"end":{"line":364,"column":9946}},"70":{"start":{"line":378,"column":4},"end":{"line":378,"column":47}},"71":{"start":{"line":379,"column":4},"end":{"line":379,"column":25}},"72":{"start":{"line":380,"column":4},"end":{"line":380,"column":28}},"73":{"start":{"line":382,"column":4},"end":{"line":382,"column":10318}},"74":{"start":{"line":383,"column":6},"end":{"line":383,"column":10373}},"75":{"start":{"line":384,"column":8},"end":{"line":384,"column":21}},"76":{"start":{"line":388,"column":4},"end":{"line":388,"column":59}},"77":{"start":{"line":389,"column":4},"end":{"line":389,"column":60}},"78":{"start":{"line":391,"column":4},"end":{"line":391,"column":10592}},"79":{"start":{"line":392,"column":6},"end":{"line":392,"column":10647}},"80":{"start":{"line":394,"column":8},"end":{"line":394,"column":33}},"81":{"start":{"line":395,"column":8},"end":{"line":395,"column":66}},"82":{"start":{"line":396,"column":8},"end":{"line":396,"column":64}},"83":{"start":{"line":397,"column":8},"end":{"line":397,"column":40}},"84":{"start":{"line":398,"column":8},"end":{"line":398,"column":39}},"85":{"start":{"line":399,"column":8},"end":{"line":399,"column":24}},"86":{"start":{"line":402,"column":4},"end":{"line":402,"column":24}},"87":{"start":{"line":411,"column":4},"end":{"line":411,"column":42}},"88":{"start":{"line":412,"column":4},"end":{"line":412,"column":71}},"89":{"start":{"line":413,"column":4},"end":{"line":413,"column":28}},"90":{"start":{"line":415,"column":4},"end":{"line":415,"column":65}},"91":{"start":{"line":416,"column":4},"end":{"line":416,"column":66}},"92":{"start":{"line":418,"column":4},"end":{"line":418,"column":11492}},"93":{"start":{"line":419,"column":6},"end":{"line":419,"column":11542}},"94":{"start":{"line":420,"column":8},"end":{"line":420,"column":33}},"95":{"start":{"line":421,"column":8},"end":{"line":421,"column":66}},"96":{"start":{"line":422,"column":8},"end":{"line":422,"column":64}},"97":{"start":{"line":423,"column":8},"end":{"line":423,"column":40}},"98":{"start":{"line":424,"column":8},"end":{"line":424,"column":39}},"99":{"start":{"line":425,"column":8},"end":{"line":425,"column":24}},"100":{"start":{"line":428,"column":4},"end":{"line":428,"column":24}},"101":{"start":{"line":433,"column":4},"end":{"line":433,"column":47}},"102":{"start":{"line":434,"column":4},"end":{"line":434,"column":25}},"103":{"start":{"line":435,"column":4},"end":{"line":435,"column":28}},"104":{"start":{"line":437,"column":4},"end":{"line":437,"column":12160}},"105":{"start":{"line":438,"column":6},"end":{"line":438,"column":12215}},"106":{"start":{"line":439,"column":8},"end":{"line":439,"column":21}},"107":{"start":{"line":443,"column":4},"end":{"line":443,"column":59}},"108":{"start":{"line":444,"column":4},"end":{"line":444,"column":12366}},"109":{"start":{"line":445,"column":6},"end":{"line":445,"column":12421}},"110":{"start":{"line":446,"column":8},"end":{"line":446,"column":33}},"111":{"start":{"line":447,"column":8},"end":{"line":447,"column":66}},"112":{"start":{"line":448,"column":8},"end":{"line":448,"column":40}},"113":{"start":{"line":449,"column":8},"end":{"line":449,"column":24}},"114":{"start":{"line":452,"column":4},"end":{"line":452,"column":16}},"115":{"start":{"line":457,"column":4},"end":{"line":457,"column":47}},"116":{"start":{"line":458,"column":4},"end":{"line":458,"column":25}},"117":{"start":{"line":459,"column":4},"end":{"line":459,"column":28}},"118":{"start":{"line":461,"column":4},"end":{"line":461,"column":12952}},"119":{"start":{"line":462,"column":6},"end":{"line":462,"column":13007}},"120":{"start":{"line":463,"column":8},"end":{"line":463,"column":21}},"121":{"start":{"line":467,"column":4},"end":{"line":467,"column":59}},"122":{"start":{"line":468,"column":4},"end":{"line":468,"column":13159}},"123":{"start":{"line":469,"column":6},"end":{"line":469,"column":13214}},"124":{"start":{"line":470,"column":8},"end":{"line":470,"column":33}},"125":{"start":{"line":471,"column":8},"end":{"line":471,"column":66}},"126":{"start":{"line":472,"column":8},"end":{"line":472,"column":40}},"127":{"start":{"line":473,"column":8},"end":{"line":473,"column":24}},"128":{"start":{"line":476,"column":4},"end":{"line":476,"column":16}},"129":{"start":{"line":484,"column":4},"end":{"line":484,"column":42}},"130":{"start":{"line":485,"column":4},"end":{"line":485,"column":71}},"131":{"start":{"line":486,"column":4},"end":{"line":486,"column":28}},"132":{"start":{"line":488,"column":4},"end":{"line":488,"column":65}},"133":{"start":{"line":489,"column":4},"end":{"line":489,"column":66}},"134":{"start":{"line":491,"column":4},"end":{"line":491,"column":13890}},"135":{"start":{"line":492,"column":6},"end":{"line":492,"column":13940}},"136":{"start":{"line":496,"column":8},"end":{"line":496,"column":33}},"137":{"start":{"line":497,"column":8},"end":{"line":497,"column":66}},"138":{"start":{"line":498,"column":8},"end":{"line":498,"column":64}},"139":{"start":{"line":500,"column":8},"end":{"line":500,"column":40}},"140":{"start":{"line":501,"column":8},"end":{"line":501,"column":39}},"141":{"start":{"line":502,"column":8},"end":{"line":502,"column":24}},"142":{"start":{"line":505,"column":4},"end":{"line":505,"column":24}},"143":{"start":{"line":510,"column":4},"end":{"line":510,"column":72}},"144":{"start":{"line":511,"column":4},"end":{"line":511,"column":14545}},"145":{"start":{"line":515,"column":4},"end":{"line":515,"column":14653}},"146":{"start":{"line":516,"column":6},"end":{"line":516,"column":52}},"147":{"start":{"line":517,"column":6},"end":{"line":517,"column":14755}},"148":{"start":{"line":518,"column":8},"end":{"line":518,"column":60}},"149":{"start":{"line":528,"column":4},"end":{"line":528,"column":37}},"150":{"start":{"line":529,"column":4},"end":{"line":529,"column":25}},"151":{"start":{"line":530,"column":4},"end":{"line":530,"column":35}},"152":{"start":{"line":537,"column":4},"end":{"line":537,"column":42}},"153":{"start":{"line":539,"column":4},"end":{"line":539,"column":15485}},"154":{"start":{"line":540,"column":6},"end":{"line":540,"column":15535}},"155":{"start":{"line":541,"column":8},"end":{"line":541,"column":19}},"156":{"start":{"line":545,"column":4},"end":{"line":545,"column":16}},"157":{"start":{"line":556,"column":4},"end":{"line":556,"column":42}},"158":{"start":{"line":558,"column":4},"end":{"line":558,"column":15838}},"159":{"start":{"line":559,"column":6},"end":{"line":559,"column":15888}},"160":{"start":{"line":560,"column":8},"end":{"line":560,"column":36}},"161":{"start":{"line":566,"column":4},"end":{"line":566,"column":29}}},"branchMap":{"1":{"line":107,"type":"if","locations":[{"start":{"line":107,"column":4},"end":{"line":107,"column":4}},{"start":{"line":107,"column":4},"end":{"line":107,"column":4}}]},"2":{"line":111,"type":"if","locations":[{"start":{"line":111,"column":4},"end":{"line":111,"column":4}},{"start":{"line":111,"column":4},"end":{"line":111,"column":4}}]},"3":{"line":115,"type":"if","locations":[{"start":{"line":115,"column":4},"end":{"line":115,"column":4}},{"start":{"line":115,"column":4},"end":{"line":115,"column":4}}]},"4":{"line":122,"type":"if","locations":[{"start":{"line":122,"column":4},"end":{"line":122,"column":4}},{"start":{"line":122,"column":4},"end":{"line":122,"column":4}}]},"5":{"line":178,"type":"if","locations":[{"start":{"line":178,"column":4},"end":{"line":178,"column":4}},{"start":{"line":178,"column":4},"end":{"line":178,"column":4}}]},"6":{"line":180,"type":"if","locations":[{"start":{"line":180,"column":4},"end":{"line":180,"column":4}},{"start":{"line":180,"column":4},"end":{"line":180,"column":4}}]},"7":{"line":182,"type":"if","locations":[{"start":{"line":182,"column":4},"end":{"line":182,"column":4}},{"start":{"line":182,"column":4},"end":{"line":182,"column":4}}]},"8":{"line":187,"type":"if","locations":[{"start":{"line":187,"column":4},"end":{"line":187,"column":4}},{"start":{"line":187,"column":4},"end":{"line":187,"column":4}}]},"9":{"line":195,"type":"if","locations":[{"start":{"line":195,"column":4},"end":{"line":195,"column":4}},{"start":{"line":195,"column":4},"end":{"line":195,"column":4}}]},"10":{"line":251,"type":"if","locations":[{"start":{"line":251,"column":4},"end":{"line":251,"column":4}},{"start":{"line":251,"column":4},"end":{"line":251,"column":4}}]},"11":{"line":253,"type":"if","locations":[{"start":{"line":253,"column":4},"end":{"line":253,"column":4}},{"start":{"line":253,"column":4},"end":{"line":253,"column":4}}]},"12":{"line":255,"type":"if","locations":[{"start":{"line":255,"column":4},"end":{"line":255,"column":4}},{"start":{"line":255,"column":4},"end":{"line":255,"column":4}}]},"13":{"line":257,"type":"if","locations":[{"start":{"line":257,"column":4},"end":{"line":257,"column":4}},{"start":{"line":257,"column":4},"end":{"line":257,"column":4}}]},"14":{"line":262,"type":"if","locations":[{"start":{"line":262,"column":4},"end":{"line":262,"column":4}},{"start":{"line":262,"column":4},"end":{"line":262,"column":4}}]},"15":{"line":284,"type":"if","locations":[{"start":{"line":284,"column":4},"end":{"line":284,"column":4}},{"start":{"line":284,"column":4},"end":{"line":284,"column":4}}]},"16":{"line":286,"type":"if","locations":[{"start":{"line":286,"column":4},"end":{"line":286,"column":4}},{"start":{"line":286,"column":4},"end":{"line":286,"column":4}}]},"17":{"line":288,"type":"if","locations":[{"start":{"line":288,"column":4},"end":{"line":288,"column":4}},{"start":{"line":288,"column":4},"end":{"line":288,"column":4}}]},"18":{"line":293,"type":"if","locations":[{"start":{"line":293,"column":4},"end":{"line":293,"column":4}},{"start":{"line":293,"column":4},"end":{"line":293,"column":4}}]},"19":{"line":298,"type":"if","locations":[{"start":{"line":298,"column":4},"end":{"line":298,"column":4}},{"start":{"line":298,"column":4},"end":{"line":298,"column":4}}]},"20":{"line":335,"type":"if","locations":[{"start":{"line":335,"column":4},"end":{"line":335,"column":4}},{"start":{"line":335,"column":4},"end":{"line":335,"column":4}}]},"21":{"line":337,"type":"if","locations":[{"start":{"line":337,"column":4},"end":{"line":337,"column":4}},{"start":{"line":337,"column":4},"end":{"line":337,"column":4}}]},"22":{"line":342,"type":"if","locations":[{"start":{"line":342,"column":4},"end":{"line":342,"column":4}},{"start":{"line":342,"column":4},"end":{"line":342,"column":4}}]},"23":{"line":344,"type":"if","locations":[{"start":{"line":344,"column":4},"end":{"line":344,"column":4}},{"start":{"line":344,"column":4},"end":{"line":344,"column":4}}]},"24":{"line":383,"type":"if","locations":[{"start":{"line":383,"column":6},"end":{"line":383,"column":6}},{"start":{"line":383,"column":6},"end":{"line":383,"column":6}}]},"25":{"line":392,"type":"if","locations":[{"start":{"line":392,"column":6},"end":{"line":392,"column":6}},{"start":{"line":392,"column":6},"end":{"line":392,"column":6}}]},"26":{"line":419,"type":"if","locations":[{"start":{"line":419,"column":6},"end":{"line":419,"column":6}},{"start":{"line":419,"column":6},"end":{"line":419,"column":6}}]},"27":{"line":438,"type":"if","locations":[{"start":{"line":438,"column":6},"end":{"line":438,"column":6}},{"start":{"line":438,"column":6},"end":{"line":438,"column":6}}]},"28":{"line":445,"type":"if","locations":[{"start":{"line":445,"column":6},"end":{"line":445,"column":6}},{"start":{"line":445,"column":6},"end":{"line":445,"column":6}}]},"29":{"line":462,"type":"if","locations":[{"start":{"line":462,"column":6},"end":{"line":462,"column":6}},{"start":{"line":462,"column":6},"end":{"line":462,"column":6}}]},"30":{"line":469,"type":"if","locations":[{"start":{"line":469,"column":6},"end":{"line":469,"column":6}},{"start":{"line":469,"column":6},"end":{"line":469,"column":6}}]},"31":{"line":492,"type":"if","locations":[{"start":{"line":492,"column":6},"end":{"line":492,"column":6}},{"start":{"line":492,"column":6},"end":{"line":492,"column":6}}]},"32":{"line":510,"type":"if","locations":[{"start":{"line":510,"column":4},"end":{"line":510,"column":4}},{"start":{"line":510,"column":4},"end":{"line":510,"column":4}}]},"33":{"line":511,"type":"if","locations":[{"start":{"line":511,"column":4},"end":{"line":511,"column":4}},{"start":{"line":511,"column":4},"end":{"line":511,"column":4}}]},"34":{"line":515,"type":"if","locations":[{"start":{"line":515,"column":4},"end":{"line":515,"column":4}},{"start":{"line":515,"column":4},"end":{"line":515,"column":4}}]},"35":{"line":517,"type":"if","locations":[{"start":{"line":517,"column":6},"end":{"line":517,"column":6}},{"start":{"line":517,"column":6},"end":{"line":517,"column":6}}]},"36":{"line":540,"type":"if","locations":[{"start":{"line":540,"column":6},"end":{"line":540,"column":6}},{"start":{"line":540,"column":6},"end":{"line":540,"column":6}}]},"37":{"line":559,"type":"if","locations":[{"start":{"line":559,"column":6},"end":{"line":559,"column":6}},{"start":{"line":559,"column":6},"end":{"line":559,"column":6}}]}}},"contracts/NFT.sol":{"l":{"31":3,"44":0,"45":0,"54":0,"55":0,"56":0,"58":0,"59":0,"60":0,"65":0,"73":0,"82":0,"83":0,"90":0,"95":0,"103":0,"112":0,"121":0,"133":0},"path":"/Users/User/nft/contracts/NFT.sol","s":{"1":3,"2":0,"3":0,"4":0,"5":0,"6":0,"7":0,"8":0,"9":0,"10":0,"11":0,"12":0,"13":0,"14":0,"15":0,"16":0,"17":0,"18":0},"b":{"1":[0,0]},"f":{"1":3,"2":0,"3":0,"4":0,"5":0,"6":0,"7":0,"8":0,"9":0,"10":0,"11":0,"12":0},"fnMap":{"1":{"name":"constructor","line":30,"loc":{"start":{"line":26,"column":2},"end":{"line":32,"column":2}}},"2":{"name":"onlyCreator","line":43,"loc":{"start":{"line":43,"column":2},"end":{"line":46,"column":2}}},"3":{"name":"mint","line":53,"loc":{"start":{"line":49,"column":2},"end":{"line":61,"column":2}}},"4":{"name":"getTokenRoyalty","line":64,"loc":{"start":{"line":64,"column":2},"end":{"line":66,"column":2}}},"5":{"name":"getCollectionAddress","line":68,"loc":{"start":{"line":68,"column":2},"end":{"line":74,"column":2}}},"6":{"name":"royaltyInfo","line":77,"loc":{"start":{"line":77,"column":2},"end":{"line":84,"column":2}}},"7":{"name":"withdraw","line":89,"loc":{"start":{"line":89,"column":2},"end":{"line":91,"column":2}}},"8":{"name":"getCreator","line":94,"loc":{"start":{"line":94,"column":2},"end":{"line":96,"column":2}}},"9":{"name":"_beforeTokenTransfer","line":98,"loc":{"start":{"line":98,"column":2},"end":{"line":108,"column":2}}},"10":{"name":"_burn","line":111,"loc":{"start":{"line":111,"column":2},"end":{"line":113,"column":2}}},"11":{"name":"tokenURI","line":115,"loc":{"start":{"line":115,"column":2},"end":{"line":122,"column":2}}},"12":{"name":"supportsInterface","line":126,"loc":{"start":{"line":126,"column":2},"end":{"line":138,"column":2}}}},"statementMap":{"1":{"start":{"line":31,"column":4},"end":{"line":31,"column":21}},"2":{"start":{"line":44,"column":4},"end":{"line":44,"column":77}},"3":{"start":{"line":54,"column":4},"end":{"line":54,"column":23}},"4":{"start":{"line":55,"column":4},"end":{"line":55,"column":43}},"5":{"start":{"line":56,"column":4},"end":{"line":56,"column":32}},"6":{"start":{"line":58,"column":4},"end":{"line":58,"column":37}},"7":{"start":{"line":59,"column":4},"end":{"line":59,"column":35}},"8":{"start":{"line":60,"column":4},"end":{"line":60,"column":54}},"9":{"start":{"line":65,"column":4},"end":{"line":65,"column":30}},"10":{"start":{"line":73,"column":4},"end":{"line":73,"column":40}},"11":{"start":{"line":82,"column":4},"end":{"line":82,"column":21}},"12":{"start":{"line":83,"column":4},"end":{"line":83,"column":59}},"13":{"start":{"line":90,"column":4},"end":{"line":90,"column":51}},"14":{"start":{"line":95,"column":4},"end":{"line":95,"column":18}},"15":{"start":{"line":103,"column":4},"end":{"line":103,"column":48}},"16":{"start":{"line":112,"column":4},"end":{"line":112,"column":23}},"17":{"start":{"line":121,"column":4},"end":{"line":121,"column":34}},"18":{"start":{"line":133,"column":4},"end":{"line":133,"column":4146}}},"branchMap":{"1":{"line":44,"type":"if","locations":[{"start":{"line":44,"column":4},"end":{"line":44,"column":4}},{"start":{"line":44,"column":4},"end":{"line":44,"column":4}}]}}}}